#
# There is insufficient memory for the Java Runtime Environment to continue.
# Native memory allocation (malloc) failed to allocate 127792 bytes for Chunk::new
# Possible reasons:
#   The system is out of physical RAM or swap space
#   The process is running with CompressedOops enabled, and the Java Heap may be blocking the growth of the native heap
# Possible solutions:
#   Reduce memory load on the system
#   Increase physical memory or swap space
#   Check if swap backing store is full
#   Decrease Java heap size (-Xmx/-Xms)
#   Decrease number of Java threads
#   Decrease Java thread stack sizes (-Xss)
#   Set larger code cache with -XX:ReservedCodeCacheSize=
#   JVM is running with Zero Based Compressed Oops mode in which the Java heap is
#     placed in the first 32GB address space. The Java Heap base address is the
#     maximum limit for the native heap growth. Please use -XX:HeapBaseMinAddress
#     to set the Java Heap base and to place the Java Heap above 32GB virtual address.
# This output file may be truncated or incomplete.
#
#  Out of Memory Error (arena.cpp:189), pid=4816, tid=8088
#
# JRE version: Java(TM) SE Runtime Environment (17.0.9+11) (build 17.0.9+11-LTS-201)
# Java VM: Java HotSpot(TM) 64-Bit Server VM (17.0.9+11-LTS-201, mixed mode, sharing, tiered, compressed oops, compressed class ptrs, g1 gc, windows-amd64)
# No core dump will be written. Minidumps are not enabled by default on client versions of Windows
#

---------------  S U M M A R Y ------------

Command Line: -Dclassworlds.conf=D:\Tools\apache-maven-3.9.6-bin\apache-maven-3.9.6\bin\m2.conf -Dmaven.home=D:\Tools\apache-maven-3.9.6-bin\apache-maven-3.9.6 -Dlibrary.jansi.path=D:\Tools\apache-maven-3.9.6-bin\apache-maven-3.9.6\lib\jansi-native -Dmaven.multiModuleProjectDirectory=d:\WORK\Spring\demo org.codehaus.plexus.classworlds.launcher.Launcher -q help:effective-pom -Doutput=C:\Users\111\AppData\Local\Temp\exhort_bEHIFO\effective-pom.xml -f C:\Users\111\AppData\Local\Temp\exhort_bEHIFO\target-pom.xml

Host: Intel(R) Core(TM) i7-9750H CPU @ 2.60GHz, 12 cores, 15G,  Windows 10 , 64 bit Build 19041 (10.0.19041.3636)
Time: Tue Dec  5 02:58:22 2023 Tokyo Standard Time elapsed time: 1.305899 seconds (0d 0h 0m 1s)

---------------  T H R E A D  ---------------

Current thread (0x000001db9f5a0910):  JavaThread "C2 CompilerThread1" daemon [_thread_in_native, id=8088, stack(0x0000009857200000,0x0000009857300000)]


Current CompileTask:
C2:   1306 2051   !   4       java.lang.reflect.Field::declaredAnnotations (82 bytes)

Stack: [0x0000009857200000,0x0000009857300000]
Native frames: (J=compiled Java code, j=interpreted, Vv=VM code, C=native code)
V  [jvm.dll+0x678a4a]
V  [jvm.dll+0x7d9cfd]
V  [jvm.dll+0x7db60e]
V  [jvm.dll+0x7dbc73]
V  [jvm.dll+0x245e1f]
V  [jvm.dll+0xaaafb]
V  [jvm.dll+0xab09c]
V  [jvm.dll+0x36237e]
V  [jvm.dll+0x1bb7c5]
V  [jvm.dll+0x218287]
V  [jvm.dll+0x217561]
V  [jvm.dll+0x1a3bc0]
V  [jvm.dll+0x2272de]
V  [jvm.dll+0x22548b]
V  [jvm.dll+0x78f58c]
V  [jvm.dll+0x78998a]
V  [jvm.dll+0x677875]
C  [ucrtbase.dll+0x21bb2]
C  [KERNEL32.DLL+0x17344]
C  [ntdll.dll+0x526b1]


---------------  P R O C E S S  ---------------

Threads class SMR info:
_java_thread_list=0x000001db9fb97880, length=14, elements={
0x000001db34c81bf0, 0x000001db59d74050, 0x000001db59d74ed0, 0x000001db59d8aad0,
0x000001db59d8b5a0, 0x000001db59d8df70, 0x000001db59d8e930, 0x000001db59d8fae0,
0x000001db9f008140, 0x000001db59d95df0, 0x000001db9f14c450, 0x000001db9f153570,
0x000001db9f5a0910, 0x000001db9fda6870
}

Java Threads: ( => current thread )
  0x000001db34c81bf0 JavaThread "main" [_thread_in_Java, id=17272, stack(0x0000009855f00000,0x0000009856000000)]
  0x000001db59d74050 JavaThread "Reference Handler" daemon [_thread_blocked, id=19108, stack(0x0000009856600000,0x0000009856700000)]
  0x000001db59d74ed0 JavaThread "Finalizer" daemon [_thread_blocked, id=6744, stack(0x0000009856700000,0x0000009856800000)]
  0x000001db59d8aad0 JavaThread "Signal Dispatcher" daemon [_thread_blocked, id=14888, stack(0x0000009856800000,0x0000009856900000)]
  0x000001db59d8b5a0 JavaThread "Attach Listener" daemon [_thread_blocked, id=17616, stack(0x0000009856900000,0x0000009856a00000)]
  0x000001db59d8df70 JavaThread "Service Thread" daemon [_thread_blocked, id=17352, stack(0x0000009856a00000,0x0000009856b00000)]
  0x000001db59d8e930 JavaThread "Monitor Deflation Thread" daemon [_thread_blocked, id=6252, stack(0x0000009856b00000,0x0000009856c00000)]
  0x000001db59d8fae0 JavaThread "C2 CompilerThread0" daemon [_thread_in_native, id=6184, stack(0x0000009856c00000,0x0000009856d00000)]
  0x000001db9f008140 JavaThread "C1 CompilerThread0" daemon [_thread_in_native, id=17228, stack(0x0000009856d00000,0x0000009856e00000)]
  0x000001db59d95df0 JavaThread "Sweeper thread" daemon [_thread_blocked, id=18960, stack(0x0000009856e00000,0x0000009856f00000)]
  0x000001db9f14c450 JavaThread "Notification Thread" daemon [_thread_blocked, id=17064, stack(0x0000009856f00000,0x0000009857000000)]
  0x000001db9f153570 JavaThread "Common-Cleaner" daemon [_thread_blocked, id=10180, stack(0x0000009857100000,0x0000009857200000)]
=>0x000001db9f5a0910 JavaThread "C2 CompilerThread1" daemon [_thread_in_native, id=8088, stack(0x0000009857200000,0x0000009857300000)]
  0x000001db9fda6870 JavaThread "C2 CompilerThread2" daemon [_thread_blocked, id=16928, stack(0x0000009857300000,0x0000009857400000)]

Other Threads:
  0x000001db59d70600 VMThread "VM Thread" [stack: 0x0000009856500000,0x0000009856600000] [id=17608]
  0x000001db34d0b2b0 WatcherThread [stack: 0x0000009857000000,0x0000009857100000] [id=18088]
  0x000001db34cee8d0 GCTaskThread "GC Thread#0" [stack: 0x0000009856000000,0x0000009856100000] [id=10780]
  0x000001db9fb2c8b0 GCTaskThread "GC Thread#1" [stack: 0x0000009857400000,0x0000009857500000] [id=19292]
  0x000001db9fb2d3b0 GCTaskThread "GC Thread#2" [stack: 0x0000009857500000,0x0000009857600000] [id=9872]
  0x000001db9fb2ce30 GCTaskThread "GC Thread#3" [stack: 0x0000009857600000,0x0000009857700000] [id=18260]
  0x000001db9fb2cb70 GCTaskThread "GC Thread#4" [stack: 0x0000009857700000,0x0000009857800000] [id=15044]
  0x000001db9fb2e430 GCTaskThread "GC Thread#5" [stack: 0x0000009857800000,0x0000009857900000] [id=13140]
  0x000001db9fb2d0f0 GCTaskThread "GC Thread#6" [stack: 0x0000009857900000,0x0000009857a00000] [id=8712]
  0x000001db9fb2d930 GCTaskThread "GC Thread#7" [stack: 0x0000009857a00000,0x0000009857b00000] [id=8228]
  0x000001db9fb2deb0 GCTaskThread "GC Thread#8" [stack: 0x0000009857b00000,0x0000009857c00000] [id=7392]
  0x000001db9fb2dbf0 GCTaskThread "GC Thread#9" [stack: 0x0000009857c00000,0x0000009857d00000] [id=19392]
  0x000001db34cff5b0 ConcurrentGCThread "G1 Main Marker" [stack: 0x0000009856100000,0x0000009856200000] [id=12900]
  0x000001db34d00770 ConcurrentGCThread "G1 Conc#0" [stack: 0x0000009856200000,0x0000009856300000] [id=17492]
  0x000001db34d5d160 ConcurrentGCThread "G1 Refine#0" [stack: 0x0000009856300000,0x0000009856400000] [id=11816]
  0x000001db34d5db90 ConcurrentGCThread "G1 Service" [stack: 0x0000009856400000,0x0000009856500000] [id=18604]

Threads with active compile tasks:
C2 CompilerThread0     1324 1712   !   4       java.net.URL::<init> (543 bytes)
C1 CompilerThread0     1324 2140       3       com.google.inject.internal.asm.$MethodWriter::<init> (232 bytes)
C2 CompilerThread1     1324 2051   !   4       java.lang.reflect.Field::declaredAnnotations (82 bytes)

VM state: not at safepoint (normal execution)

VM Mutex/Monitor currently owned by a thread: None

Heap address: 0x0000000702600000, size: 4058 MB, Compressed Oops mode: Zero based, Oop shift amount: 3

CDS archive(s) mapped at: [0x000001db5a000000-0x000001db5abd0000-0x000001db5abd0000), size 12386304, SharedBaseAddress: 0x000001db5a000000, ArchiveRelocationMode: 1.
Compressed class space mapped at: 0x000001db5b000000-0x000001db9b000000, reserved size: 1073741824
Narrow klass base: 0x000001db5a000000, Narrow klass shift: 0, Narrow klass range: 0x100000000

GC Precious Log:
 CPUs: 12 total, 12 available
 Memory: 16225M
 Large Page Support: Disabled
 NUMA Support: Disabled
 Compressed Oops: Enabled (Zero based)
 Heap Region Size: 2M
 Heap Min Capacity: 8M
 Heap Initial Capacity: 254M
 Heap Max Capacity: 4058M
 Pre-touch: Disabled
 Parallel Workers: 10
 Concurrent Workers: 3
 Concurrent Refinement Workers: 10
 Periodic GC: Disabled

Heap:
 garbage-first heap   total 260096K, used 15789K [0x0000000702600000, 0x0000000800000000)
  region size 2048K, 7 young (14336K), 1 survivors (2048K)
 Metaspace       used 11716K, committed 11904K, reserved 1114112K
  class space    used 1445K, committed 1536K, reserved 1048576K

Heap Regions: E=young(eden), S=young(survivor), O=old, HS=humongous(starts), HC=humongous(continues), CS=collection set, F=free, OA=open archive, CA=closed archive, TAMS=top-at-mark-start (previous, next)
|   0|0x0000000702600000, 0x0000000702800000, 0x0000000702800000|100%| O|  |TAMS 0x0000000702600000, 0x0000000702600000| Untracked 
|   1|0x0000000702800000, 0x0000000702983a00, 0x0000000702a00000| 75%| O|  |TAMS 0x0000000702800000, 0x0000000702800000| Untracked 
|   2|0x0000000702a00000, 0x0000000702a00000, 0x0000000702c00000|  0%| F|  |TAMS 0x0000000702a00000, 0x0000000702a00000| Untracked 
|   3|0x0000000702c00000, 0x0000000702c00000, 0x0000000702e00000|  0%| F|  |TAMS 0x0000000702c00000, 0x0000000702c00000| Untracked 
|   4|0x0000000702e00000, 0x0000000702e00000, 0x0000000703000000|  0%| F|  |TAMS 0x0000000702e00000, 0x0000000702e00000| Untracked 
|   5|0x0000000703000000, 0x0000000703000000, 0x0000000703200000|  0%| F|  |TAMS 0x0000000703000000, 0x0000000703000000| Untracked 
|   6|0x0000000703200000, 0x0000000703200000, 0x0000000703400000|  0%| F|  |TAMS 0x0000000703200000, 0x0000000703200000| Untracked 
|   7|0x0000000703400000, 0x0000000703400000, 0x0000000703600000|  0%| F|  |TAMS 0x0000000703400000, 0x0000000703400000| Untracked 
|   8|0x0000000703600000, 0x0000000703600000, 0x0000000703800000|  0%| F|  |TAMS 0x0000000703600000, 0x0000000703600000| Untracked 
|   9|0x0000000703800000, 0x0000000703800000, 0x0000000703a00000|  0%| F|  |TAMS 0x0000000703800000, 0x0000000703800000| Untracked 
|  10|0x0000000703a00000, 0x0000000703a00000, 0x0000000703c00000|  0%| F|  |TAMS 0x0000000703a00000, 0x0000000703a00000| Untracked 
|  11|0x0000000703c00000, 0x0000000703c00000, 0x0000000703e00000|  0%| F|  |TAMS 0x0000000703c00000, 0x0000000703c00000| Untracked 
|  12|0x0000000703e00000, 0x0000000703e00000, 0x0000000704000000|  0%| F|  |TAMS 0x0000000703e00000, 0x0000000703e00000| Untracked 
|  13|0x0000000704000000, 0x0000000704000000, 0x0000000704200000|  0%| F|  |TAMS 0x0000000704000000, 0x0000000704000000| Untracked 
|  14|0x0000000704200000, 0x0000000704200000, 0x0000000704400000|  0%| F|  |TAMS 0x0000000704200000, 0x0000000704200000| Untracked 
|  15|0x0000000704400000, 0x0000000704400000, 0x0000000704600000|  0%| F|  |TAMS 0x0000000704400000, 0x0000000704400000| Untracked 
|  16|0x0000000704600000, 0x0000000704600000, 0x0000000704800000|  0%| F|  |TAMS 0x0000000704600000, 0x0000000704600000| Untracked 
|  17|0x0000000704800000, 0x0000000704800000, 0x0000000704a00000|  0%| F|  |TAMS 0x0000000704800000, 0x0000000704800000| Untracked 
|  18|0x0000000704a00000, 0x0000000704a00000, 0x0000000704c00000|  0%| F|  |TAMS 0x0000000704a00000, 0x0000000704a00000| Untracked 
|  19|0x0000000704c00000, 0x0000000704c00000, 0x0000000704e00000|  0%| F|  |TAMS 0x0000000704c00000, 0x0000000704c00000| Untracked 
|  20|0x0000000704e00000, 0x0000000704e00000, 0x0000000705000000|  0%| F|  |TAMS 0x0000000704e00000, 0x0000000704e00000| Untracked 
|  21|0x0000000705000000, 0x0000000705000000, 0x0000000705200000|  0%| F|  |TAMS 0x0000000705000000, 0x0000000705000000| Untracked 
|  22|0x0000000705200000, 0x0000000705200000, 0x0000000705400000|  0%| F|  |TAMS 0x0000000705200000, 0x0000000705200000| Untracked 
|  23|0x0000000705400000, 0x0000000705400000, 0x0000000705600000|  0%| F|  |TAMS 0x0000000705400000, 0x0000000705400000| Untracked 
|  24|0x0000000705600000, 0x0000000705600000, 0x0000000705800000|  0%| F|  |TAMS 0x0000000705600000, 0x0000000705600000| Untracked 
|  25|0x0000000705800000, 0x0000000705800000, 0x0000000705a00000|  0%| F|  |TAMS 0x0000000705800000, 0x0000000705800000| Untracked 
|  26|0x0000000705a00000, 0x0000000705a00000, 0x0000000705c00000|  0%| F|  |TAMS 0x0000000705a00000, 0x0000000705a00000| Untracked 
|  27|0x0000000705c00000, 0x0000000705c00000, 0x0000000705e00000|  0%| F|  |TAMS 0x0000000705c00000, 0x0000000705c00000| Untracked 
|  28|0x0000000705e00000, 0x0000000705e00000, 0x0000000706000000|  0%| F|  |TAMS 0x0000000705e00000, 0x0000000705e00000| Untracked 
|  29|0x0000000706000000, 0x0000000706000000, 0x0000000706200000|  0%| F|  |TAMS 0x0000000706000000, 0x0000000706000000| Untracked 
|  30|0x0000000706200000, 0x0000000706200000, 0x0000000706400000|  0%| F|  |TAMS 0x0000000706200000, 0x0000000706200000| Untracked 
|  31|0x0000000706400000, 0x0000000706400000, 0x0000000706600000|  0%| F|  |TAMS 0x0000000706400000, 0x0000000706400000| Untracked 
|  32|0x0000000706600000, 0x0000000706600000, 0x0000000706800000|  0%| F|  |TAMS 0x0000000706600000, 0x0000000706600000| Untracked 
|  33|0x0000000706800000, 0x0000000706800000, 0x0000000706a00000|  0%| F|  |TAMS 0x0000000706800000, 0x0000000706800000| Untracked 
|  34|0x0000000706a00000, 0x0000000706a00000, 0x0000000706c00000|  0%| F|  |TAMS 0x0000000706a00000, 0x0000000706a00000| Untracked 
|  35|0x0000000706c00000, 0x0000000706c00000, 0x0000000706e00000|  0%| F|  |TAMS 0x0000000706c00000, 0x0000000706c00000| Untracked 
|  36|0x0000000706e00000, 0x0000000706e00000, 0x0000000707000000|  0%| F|  |TAMS 0x0000000706e00000, 0x0000000706e00000| Untracked 
|  37|0x0000000707000000, 0x0000000707000000, 0x0000000707200000|  0%| F|  |TAMS 0x0000000707000000, 0x0000000707000000| Untracked 
|  38|0x0000000707200000, 0x0000000707200000, 0x0000000707400000|  0%| F|  |TAMS 0x0000000707200000, 0x0000000707200000| Untracked 
|  39|0x0000000707400000, 0x0000000707400000, 0x0000000707600000|  0%| F|  |TAMS 0x0000000707400000, 0x0000000707400000| Untracked 
|  40|0x0000000707600000, 0x0000000707600000, 0x0000000707800000|  0%| F|  |TAMS 0x0000000707600000, 0x0000000707600000| Untracked 
|  41|0x0000000707800000, 0x0000000707800000, 0x0000000707a00000|  0%| F|  |TAMS 0x0000000707800000, 0x0000000707800000| Untracked 
|  42|0x0000000707a00000, 0x0000000707a00000, 0x0000000707c00000|  0%| F|  |TAMS 0x0000000707a00000, 0x0000000707a00000| Untracked 
|  43|0x0000000707c00000, 0x0000000707c00000, 0x0000000707e00000|  0%| F|  |TAMS 0x0000000707c00000, 0x0000000707c00000| Untracked 
|  44|0x0000000707e00000, 0x0000000707e00000, 0x0000000708000000|  0%| F|  |TAMS 0x0000000707e00000, 0x0000000707e00000| Untracked 
|  45|0x0000000708000000, 0x0000000708000000, 0x0000000708200000|  0%| F|  |TAMS 0x0000000708000000, 0x0000000708000000| Untracked 
|  46|0x0000000708200000, 0x0000000708200000, 0x0000000708400000|  0%| F|  |TAMS 0x0000000708200000, 0x0000000708200000| Untracked 
|  47|0x0000000708400000, 0x0000000708400000, 0x0000000708600000|  0%| F|  |TAMS 0x0000000708400000, 0x0000000708400000| Untracked 
|  48|0x0000000708600000, 0x0000000708600000, 0x0000000708800000|  0%| F|  |TAMS 0x0000000708600000, 0x0000000708600000| Untracked 
|  49|0x0000000708800000, 0x0000000708800000, 0x0000000708a00000|  0%| F|  |TAMS 0x0000000708800000, 0x0000000708800000| Untracked 
|  50|0x0000000708a00000, 0x0000000708a00000, 0x0000000708c00000|  0%| F|  |TAMS 0x0000000708a00000, 0x0000000708a00000| Untracked 
|  51|0x0000000708c00000, 0x0000000708c00000, 0x0000000708e00000|  0%| F|  |TAMS 0x0000000708c00000, 0x0000000708c00000| Untracked 
|  52|0x0000000708e00000, 0x0000000708e00000, 0x0000000709000000|  0%| F|  |TAMS 0x0000000708e00000, 0x0000000708e00000| Untracked 
|  53|0x0000000709000000, 0x0000000709000000, 0x0000000709200000|  0%| F|  |TAMS 0x0000000709000000, 0x0000000709000000| Untracked 
|  54|0x0000000709200000, 0x0000000709200000, 0x0000000709400000|  0%| F|  |TAMS 0x0000000709200000, 0x0000000709200000| Untracked 
|  55|0x0000000709400000, 0x0000000709400000, 0x0000000709600000|  0%| F|  |TAMS 0x0000000709400000, 0x0000000709400000| Untracked 
|  56|0x0000000709600000, 0x0000000709600000, 0x0000000709800000|  0%| F|  |TAMS 0x0000000709600000, 0x0000000709600000| Untracked 
|  57|0x0000000709800000, 0x0000000709800000, 0x0000000709a00000|  0%| F|  |TAMS 0x0000000709800000, 0x0000000709800000| Untracked 
|  58|0x0000000709a00000, 0x0000000709a00000, 0x0000000709c00000|  0%| F|  |TAMS 0x0000000709a00000, 0x0000000709a00000| Untracked 
|  59|0x0000000709c00000, 0x0000000709c00000, 0x0000000709e00000|  0%| F|  |TAMS 0x0000000709c00000, 0x0000000709c00000| Untracked 
|  60|0x0000000709e00000, 0x0000000709e00000, 0x000000070a000000|  0%| F|  |TAMS 0x0000000709e00000, 0x0000000709e00000| Untracked 
|  61|0x000000070a000000, 0x000000070a000000, 0x000000070a200000|  0%| F|  |TAMS 0x000000070a000000, 0x000000070a000000| Untracked 
|  62|0x000000070a200000, 0x000000070a200000, 0x000000070a400000|  0%| F|  |TAMS 0x000000070a200000, 0x000000070a200000| Untracked 
|  63|0x000000070a400000, 0x000000070a400000, 0x000000070a600000|  0%| F|  |TAMS 0x000000070a400000, 0x000000070a400000| Untracked 
|  64|0x000000070a600000, 0x000000070a600000, 0x000000070a800000|  0%| F|  |TAMS 0x000000070a600000, 0x000000070a600000| Untracked 
|  65|0x000000070a800000, 0x000000070a800000, 0x000000070aa00000|  0%| F|  |TAMS 0x000000070a800000, 0x000000070a800000| Untracked 
|  66|0x000000070aa00000, 0x000000070aa00000, 0x000000070ac00000|  0%| F|  |TAMS 0x000000070aa00000, 0x000000070aa00000| Untracked 
|  67|0x000000070ac00000, 0x000000070ac00000, 0x000000070ae00000|  0%| F|  |TAMS 0x000000070ac00000, 0x000000070ac00000| Untracked 
|  68|0x000000070ae00000, 0x000000070ae00000, 0x000000070b000000|  0%| F|  |TAMS 0x000000070ae00000, 0x000000070ae00000| Untracked 
|  69|0x000000070b000000, 0x000000070b000000, 0x000000070b200000|  0%| F|  |TAMS 0x000000070b000000, 0x000000070b000000| Untracked 
|  70|0x000000070b200000, 0x000000070b200000, 0x000000070b400000|  0%| F|  |TAMS 0x000000070b200000, 0x000000070b200000| Untracked 
|  71|0x000000070b400000, 0x000000070b400000, 0x000000070b600000|  0%| F|  |TAMS 0x000000070b400000, 0x000000070b400000| Untracked 
|  72|0x000000070b600000, 0x000000070b600000, 0x000000070b800000|  0%| F|  |TAMS 0x000000070b600000, 0x000000070b600000| Untracked 
|  73|0x000000070b800000, 0x000000070b800000, 0x000000070ba00000|  0%| F|  |TAMS 0x000000070b800000, 0x000000070b800000| Untracked 
|  74|0x000000070ba00000, 0x000000070ba00000, 0x000000070bc00000|  0%| F|  |TAMS 0x000000070ba00000, 0x000000070ba00000| Untracked 
|  75|0x000000070bc00000, 0x000000070bc00000, 0x000000070be00000|  0%| F|  |TAMS 0x000000070bc00000, 0x000000070bc00000| Untracked 
|  76|0x000000070be00000, 0x000000070be00000, 0x000000070c000000|  0%| F|  |TAMS 0x000000070be00000, 0x000000070be00000| Untracked 
|  77|0x000000070c000000, 0x000000070c000000, 0x000000070c200000|  0%| F|  |TAMS 0x000000070c000000, 0x000000070c000000| Untracked 
|  78|0x000000070c200000, 0x000000070c200000, 0x000000070c400000|  0%| F|  |TAMS 0x000000070c200000, 0x000000070c200000| Untracked 
|  79|0x000000070c400000, 0x000000070c400000, 0x000000070c600000|  0%| F|  |TAMS 0x000000070c400000, 0x000000070c400000| Untracked 
|  80|0x000000070c600000, 0x000000070c600000, 0x000000070c800000|  0%| F|  |TAMS 0x000000070c600000, 0x000000070c600000| Untracked 
|  81|0x000000070c800000, 0x000000070c800000, 0x000000070ca00000|  0%| F|  |TAMS 0x000000070c800000, 0x000000070c800000| Untracked 
|  82|0x000000070ca00000, 0x000000070ca00000, 0x000000070cc00000|  0%| F|  |TAMS 0x000000070ca00000, 0x000000070ca00000| Untracked 
|  83|0x000000070cc00000, 0x000000070cc00000, 0x000000070ce00000|  0%| F|  |TAMS 0x000000070cc00000, 0x000000070cc00000| Untracked 
|  84|0x000000070ce00000, 0x000000070ce00000, 0x000000070d000000|  0%| F|  |TAMS 0x000000070ce00000, 0x000000070ce00000| Untracked 
|  85|0x000000070d000000, 0x000000070d000000, 0x000000070d200000|  0%| F|  |TAMS 0x000000070d000000, 0x000000070d000000| Untracked 
|  86|0x000000070d200000, 0x000000070d200000, 0x000000070d400000|  0%| F|  |TAMS 0x000000070d200000, 0x000000070d200000| Untracked 
|  87|0x000000070d400000, 0x000000070d400000, 0x000000070d600000|  0%| F|  |TAMS 0x000000070d400000, 0x000000070d400000| Untracked 
|  88|0x000000070d600000, 0x000000070d600000, 0x000000070d800000|  0%| F|  |TAMS 0x000000070d600000, 0x000000070d600000| Untracked 
|  89|0x000000070d800000, 0x000000070d800000, 0x000000070da00000|  0%| F|  |TAMS 0x000000070d800000, 0x000000070d800000| Untracked 
|  90|0x000000070da00000, 0x000000070da00000, 0x000000070dc00000|  0%| F|  |TAMS 0x000000070da00000, 0x000000070da00000| Untracked 
|  91|0x000000070dc00000, 0x000000070dc00000, 0x000000070de00000|  0%| F|  |TAMS 0x000000070dc00000, 0x000000070dc00000| Untracked 
|  92|0x000000070de00000, 0x000000070de00000, 0x000000070e000000|  0%| F|  |TAMS 0x000000070de00000, 0x000000070de00000| Untracked 
|  93|0x000000070e000000, 0x000000070e000000, 0x000000070e200000|  0%| F|  |TAMS 0x000000070e000000, 0x000000070e000000| Untracked 
|  94|0x000000070e200000, 0x000000070e200000, 0x000000070e400000|  0%| F|  |TAMS 0x000000070e200000, 0x000000070e200000| Untracked 
|  95|0x000000070e400000, 0x000000070e400000, 0x000000070e600000|  0%| F|  |TAMS 0x000000070e400000, 0x000000070e400000| Untracked 
|  96|0x000000070e600000, 0x000000070e600000, 0x000000070e800000|  0%| F|  |TAMS 0x000000070e600000, 0x000000070e600000| Untracked 
|  97|0x000000070e800000, 0x000000070e800000, 0x000000070ea00000|  0%| F|  |TAMS 0x000000070e800000, 0x000000070e800000| Untracked 
|  98|0x000000070ea00000, 0x000000070ea00000, 0x000000070ec00000|  0%| F|  |TAMS 0x000000070ea00000, 0x000000070ea00000| Untracked 
|  99|0x000000070ec00000, 0x000000070ec00000, 0x000000070ee00000|  0%| F|  |TAMS 0x000000070ec00000, 0x000000070ec00000| Untracked 
| 100|0x000000070ee00000, 0x000000070ee00000, 0x000000070f000000|  0%| F|  |TAMS 0x000000070ee00000, 0x000000070ee00000| Untracked 
| 101|0x000000070f000000, 0x000000070f000000, 0x000000070f200000|  0%| F|  |TAMS 0x000000070f000000, 0x000000070f000000| Untracked 
| 102|0x000000070f200000, 0x000000070f200000, 0x000000070f400000|  0%| F|  |TAMS 0x000000070f200000, 0x000000070f200000| Untracked 
| 103|0x000000070f400000, 0x000000070f400000, 0x000000070f600000|  0%| F|  |TAMS 0x000000070f400000, 0x000000070f400000| Untracked 
| 104|0x000000070f600000, 0x000000070f600000, 0x000000070f800000|  0%| F|  |TAMS 0x000000070f600000, 0x000000070f600000| Untracked 
| 105|0x000000070f800000, 0x000000070f800000, 0x000000070fa00000|  0%| F|  |TAMS 0x000000070f800000, 0x000000070f800000| Untracked 
| 106|0x000000070fa00000, 0x000000070fa00000, 0x000000070fc00000|  0%| F|  |TAMS 0x000000070fa00000, 0x000000070fa00000| Untracked 
| 107|0x000000070fc00000, 0x000000070fc00000, 0x000000070fe00000|  0%| F|  |TAMS 0x000000070fc00000, 0x000000070fc00000| Untracked 
| 108|0x000000070fe00000, 0x000000070fe00000, 0x0000000710000000|  0%| F|  |TAMS 0x000000070fe00000, 0x000000070fe00000| Untracked 
| 109|0x0000000710000000, 0x00000007101e7b98, 0x0000000710200000| 95%| S|CS|TAMS 0x0000000710000000, 0x0000000710000000| Complete 
| 110|0x0000000710200000, 0x0000000710200000, 0x0000000710400000|  0%| F|  |TAMS 0x0000000710200000, 0x0000000710200000| Untracked 
| 111|0x0000000710400000, 0x0000000710400000, 0x0000000710600000|  0%| F|  |TAMS 0x0000000710400000, 0x0000000710400000| Untracked 
| 112|0x0000000710600000, 0x0000000710600000, 0x0000000710800000|  0%| F|  |TAMS 0x0000000710600000, 0x0000000710600000| Untracked 
| 113|0x0000000710800000, 0x0000000710800000, 0x0000000710a00000|  0%| F|  |TAMS 0x0000000710800000, 0x0000000710800000| Untracked 
| 114|0x0000000710a00000, 0x0000000710a00000, 0x0000000710c00000|  0%| F|  |TAMS 0x0000000710a00000, 0x0000000710a00000| Untracked 
| 115|0x0000000710c00000, 0x0000000710c00000, 0x0000000710e00000|  0%| F|  |TAMS 0x0000000710c00000, 0x0000000710c00000| Untracked 
| 116|0x0000000710e00000, 0x0000000710e00000, 0x0000000711000000|  0%| F|  |TAMS 0x0000000710e00000, 0x0000000710e00000| Untracked 
| 117|0x0000000711000000, 0x0000000711000000, 0x0000000711200000|  0%| F|  |TAMS 0x0000000711000000, 0x0000000711000000| Untracked 
| 118|0x0000000711200000, 0x0000000711200000, 0x0000000711400000|  0%| F|  |TAMS 0x0000000711200000, 0x0000000711200000| Untracked 
| 119|0x0000000711400000, 0x0000000711400000, 0x0000000711600000|  0%| F|  |TAMS 0x0000000711400000, 0x0000000711400000| Untracked 
| 120|0x0000000711600000, 0x0000000711600000, 0x0000000711800000|  0%| F|  |TAMS 0x0000000711600000, 0x0000000711600000| Untracked 
| 121|0x0000000711800000, 0x0000000711a00000, 0x0000000711a00000|100%| E|  |TAMS 0x0000000711800000, 0x0000000711800000| Complete 
| 122|0x0000000711a00000, 0x0000000711c00000, 0x0000000711c00000|100%| E|CS|TAMS 0x0000000711a00000, 0x0000000711a00000| Complete 
| 123|0x0000000711c00000, 0x0000000711e00000, 0x0000000711e00000|100%| E|CS|TAMS 0x0000000711c00000, 0x0000000711c00000| Complete 
| 124|0x0000000711e00000, 0x0000000712000000, 0x0000000712000000|100%| E|CS|TAMS 0x0000000711e00000, 0x0000000711e00000| Complete 
| 125|0x0000000712000000, 0x0000000712200000, 0x0000000712200000|100%| E|CS|TAMS 0x0000000712000000, 0x0000000712000000| Complete 
| 126|0x0000000712200000, 0x0000000712400000, 0x0000000712400000|100%| E|CS|TAMS 0x0000000712200000, 0x0000000712200000| Complete 

Card table byte_map: [0x000001db4e1b0000,0x000001db4e9a0000] _byte_map_base: 0x000001db4a99d000

Marking Bits (Prev, Next): (CMBitMap*) 0x000001db34ceeef0, (CMBitMap*) 0x000001db34ceef30
 Prev Bits: [0x000001db4f190000, 0x000001db530f8000)
 Next Bits: [0x000001db53100000, 0x000001db57068000)

Polling page: 0x000001db34a70000

Metaspace:

Usage:
  Non-class:     10.05 MB used.
      Class:      1.41 MB used.
       Both:     11.46 MB used.

Virtual space:
  Non-class space:       64.00 MB reserved,      10.12 MB ( 16%) committed,  1 nodes.
      Class space:        1.00 GB reserved,       1.50 MB ( <1%) committed,  1 nodes.
             Both:        1.06 GB reserved,      11.62 MB (  1%) committed. 

Chunk freelists:
   Non-Class:  4.45 MB
       Class:  14.55 MB
        Both:  19.00 MB

MaxMetaspaceSize: unlimited
CompressedClassSpaceSize: 1.00 GB
Initial GC threshold: 21.00 MB
Current GC threshold: 21.00 MB
CDS: on
MetaspaceReclaimPolicy: balanced
 - commit_granule_bytes: 65536.
 - commit_granule_words: 8192.
 - virtual_space_node_default_size: 8388608.
 - enlarge_chunks_in_place: 1.
 - new_chunks_are_fully_committed: 0.
 - uncommit_free_chunks: 1.
 - use_allocation_guard: 0.
 - handle_deallocations: 1.


Internal statistics:

num_allocs_failed_limit: 0.
num_arena_births: 62.
num_arena_deaths: 0.
num_vsnodes_births: 2.
num_vsnodes_deaths: 0.
num_space_committed: 186.
num_space_uncommitted: 0.
num_chunks_returned_to_freelist: 0.
num_chunks_taken_from_freelist: 463.
num_chunk_merges: 0.
num_chunk_splits: 317.
num_chunks_enlarged: 268.
num_inconsistent_stats: 0.

CodeHeap 'non-profiled nmethods': size=120000Kb used=839Kb max_used=839Kb free=119160Kb
 bounds [0x000001db45810000, 0x000001db45a80000, 0x000001db4cd40000]
CodeHeap 'profiled nmethods': size=120000Kb used=4287Kb max_used=4287Kb free=115712Kb
 bounds [0x000001db3dd40000, 0x000001db3e170000, 0x000001db45270000]
CodeHeap 'non-nmethods': size=5760Kb used=1158Kb max_used=1221Kb free=4602Kb
 bounds [0x000001db45270000, 0x000001db454e0000, 0x000001db45810000]
 total_blobs=2584 nmethods=2140 adapters=356
 compilation: enabled
              stopped_count=0, restarted_count=0
 full_count=0

Compilation events (20 events):
Event: 1.299 Thread 0x000001db9f008140 nmethod 2079 0x000001db3e148110 code [0x000001db3e1482c0, 0x000001db3e148488]
Event: 1.300 Thread 0x000001db9f008140 2082       3       org.eclipse.sisu.bean.LifecycleBuilder::isCandidateMethod (52 bytes)
Event: 1.301 Thread 0x000001db9f008140 nmethod 2082 0x000001db3e148590 code [0x000001db3e1487a0, 0x000001db3e148f68]
Event: 1.301 Thread 0x000001db9f008140 2083       3       com.google.inject.spi.InjectionPoint::hashCode (16 bytes)
Event: 1.301 Thread 0x000001db9f008140 nmethod 2083 0x000001db3e149190 code [0x000001db3e149340, 0x000001db3e149548]
Event: 1.301 Thread 0x000001db9f008140 2085       3       java.util.HashMap::removeNode (291 bytes)
Event: 1.302 Thread 0x000001db9f008140 nmethod 2085 0x000001db3e149690 code [0x000001db3e149920, 0x000001db3e14ac98]
Event: 1.302 Thread 0x000001db9f008140 2084       3       java.util.HashMap::remove (26 bytes)
Event: 1.302 Thread 0x000001db9f008140 nmethod 2084 0x000001db3e14b110 code [0x000001db3e14b2e0, 0x000001db3e14b658]
Event: 1.302 Thread 0x000001db9f008140 2086       3       java.lang.invoke.MemberName::checkForTypeAlias (172 bytes)
Event: 1.303 Thread 0x000001db9f008140 nmethod 2086 0x000001db3e14b790 code [0x000001db3e14bc00, 0x000001db3e14dab8]
Event: 1.303 Thread 0x000001db9f008140 2087       3       java.util.TreeMap$KeyIterator::next (8 bytes)
Event: 1.303 Thread 0x000001db9f008140 nmethod 2087 0x000001db3e14e390 code [0x000001db3e14e540, 0x000001db3e14e688]
Event: 1.303 Thread 0x000001db9f008140 2088       3       com.google.inject.internal.aop.AbstractGlueGenerator$$Lambda$89/0x000001db5b14d1f0::apply (5 bytes)
Event: 1.303 Thread 0x000001db9f008140 nmethod 2088 0x000001db3e14e790 code [0x000001db3e14e940, 0x000001db3e14ebd8]
Event: 1.303 Thread 0x000001db9f008140 2089       3       com.google.inject.internal.aop.AbstractGlueGenerator::lambda$generateTrampoline$3 (8 bytes)
Event: 1.304 Thread 0x000001db9f008140 nmethod 2089 0x000001db3e14ed10 code [0x000001db3e14eec0, 0x000001db3e14f0d8]
Event: 1.304 Thread 0x000001db9f008140 2091       3       com.google.inject.internal.aop.ImmutableStringTrie::buildSubTrie (336 bytes)
Event: 1.305 Thread 0x000001db9f008140 nmethod 2091 0x000001db3e14f210 code [0x000001db3e14f520, 0x000001db3e1508b8]
Event: 1.305 Thread 0x000001db9f008140 2093       3       com.google.inject.internal.asm.$Attribute::computeAttributesSize (62 bytes)

GC Heap History (4 events):
Event: 0.516 GC heap before
{Heap before GC invocations=0 (full 0):
 garbage-first heap   total 260096K, used 22528K [0x0000000702600000, 0x0000000800000000)
  region size 2048K, 11 young (22528K), 0 survivors (0K)
 Metaspace       used 5465K, committed 5696K, reserved 1114112K
  class space    used 655K, committed 768K, reserved 1048576K
}
Event: 0.519 GC heap after
{Heap after GC invocations=1 (full 0):
 garbage-first heap   total 260096K, used 3943K [0x0000000702600000, 0x0000000800000000)
  region size 2048K, 2 young (4096K), 2 survivors (4096K)
 Metaspace       used 5465K, committed 5696K, reserved 1114112K
  class space    used 655K, committed 768K, reserved 1048576K
}
Event: 1.011 GC heap before
{Heap before GC invocations=1 (full 0):
 garbage-first heap   total 260096K, used 34663K [0x0000000702600000, 0x0000000800000000)
  region size 2048K, 17 young (34816K), 2 survivors (4096K)
 Metaspace       used 9809K, committed 9984K, reserved 1114112K
  class space    used 1195K, committed 1280K, reserved 1048576K
}
Event: 1.016 GC heap after
{Heap after GC invocations=2 (full 0):
 garbage-first heap   total 260096K, used 5549K [0x0000000702600000, 0x0000000800000000)
  region size 2048K, 1 young (2048K), 1 survivors (2048K)
 Metaspace       used 9809K, committed 9984K, reserved 1114112K
  class space    used 1195K, committed 1280K, reserved 1048576K
}

Deoptimization events (20 events):
Event: 1.035 Thread 0x000001db34c81bf0 Uncommon trap: trap_request=0xffffffd6 fr.pc=0x000001db458c759c relative=0x000000000000017c
Event: 1.035 Thread 0x000001db34c81bf0 Uncommon trap: reason=array_check action=maybe_recompile pc=0x000001db458c759c method=java.util.stream.Nodes$FixedNodeBuilder.accept(Ljava/lang/Object;)V @ 28 c2
Event: 1.035 Thread 0x000001db34c81bf0 DEOPT PACKING pc=0x000001db458c759c sp=0x0000009855ffdb60
Event: 1.035 Thread 0x000001db34c81bf0 DEOPT UNPACKING pc=0x000001db452c23a3 sp=0x0000009855ffdb10 mode 2
Event: 1.035 Thread 0x000001db34c81bf0 Uncommon trap: trap_request=0xffffffd6 fr.pc=0x000001db458c759c relative=0x000000000000017c
Event: 1.035 Thread 0x000001db34c81bf0 Uncommon trap: reason=array_check action=maybe_recompile pc=0x000001db458c759c method=java.util.stream.Nodes$FixedNodeBuilder.accept(Ljava/lang/Object;)V @ 28 c2
Event: 1.035 Thread 0x000001db34c81bf0 DEOPT PACKING pc=0x000001db458c759c sp=0x0000009855ffdb60
Event: 1.035 Thread 0x000001db34c81bf0 DEOPT UNPACKING pc=0x000001db452c23a3 sp=0x0000009855ffdb10 mode 2
Event: 1.123 Thread 0x000001db34c81bf0 Uncommon trap: trap_request=0xffffff45 fr.pc=0x000001db4584f42c relative=0x000000000000028c
Event: 1.123 Thread 0x000001db34c81bf0 Uncommon trap: reason=unstable_if action=reinterpret pc=0x000001db4584f42c method=java.util.concurrent.ConcurrentHashMap.get(Ljava/lang/Object;)Ljava/lang/Object; @ 76 c2
Event: 1.123 Thread 0x000001db34c81bf0 DEOPT PACKING pc=0x000001db4584f42c sp=0x0000009855ffb0c0
Event: 1.123 Thread 0x000001db34c81bf0 DEOPT UNPACKING pc=0x000001db452c23a3 sp=0x0000009855ffb038 mode 2
Event: 1.153 Thread 0x000001db34c81bf0 Uncommon trap: trap_request=0xffffff45 fr.pc=0x000001db4588eaa4 relative=0x0000000000000184
Event: 1.153 Thread 0x000001db34c81bf0 Uncommon trap: reason=unstable_if action=reinterpret pc=0x000001db4588eaa4 method=java.lang.ClassLoader.checkName(Ljava/lang/String;)Z @ 1 c2
Event: 1.153 Thread 0x000001db34c81bf0 DEOPT PACKING pc=0x000001db4588eaa4 sp=0x0000009855ffd770
Event: 1.153 Thread 0x000001db34c81bf0 DEOPT UNPACKING pc=0x000001db452c23a3 sp=0x0000009855ffd708 mode 2
Event: 1.195 Thread 0x000001db34c81bf0 DEOPT PACKING pc=0x000001db3e0a9604 sp=0x0000009855ffdc10
Event: 1.195 Thread 0x000001db34c81bf0 DEOPT UNPACKING pc=0x000001db452c2b43 sp=0x0000009855ffd170 mode 0
Event: 1.257 Thread 0x000001db34c81bf0 DEOPT PACKING pc=0x000001db3e0a1e14 sp=0x0000009855ffd070
Event: 1.257 Thread 0x000001db34c81bf0 DEOPT UNPACKING pc=0x000001db452c2b43 sp=0x0000009855ffc528 mode 0

Classes unloaded (0 events):
No events

Classes redefined (0 events):
No events

Internal exceptions (20 events):
Event: 0.126 Thread 0x000001db34c81bf0 Exception <a 'java/lang/NullPointerException'{0x0000000711eac190}> (0x0000000711eac190) 
thrown [s\open\src\hotspot\share\interpreter\linkResolver.cpp, line 1350]
Event: 0.126 Thread 0x000001db34c81bf0 Exception <a 'java/lang/NullPointerException'{0x0000000711eac468}> (0x0000000711eac468) 
thrown [s\open\src\hotspot\share\interpreter\linkResolver.cpp, line 1350]
Event: 0.126 Thread 0x000001db34c81bf0 Exception <a 'java/lang/NullPointerException'{0x0000000711eac740}> (0x0000000711eac740) 
thrown [s\open\src\hotspot\share\interpreter\linkResolver.cpp, line 1350]
Event: 0.145 Thread 0x000001db34c81bf0 Exception <a 'java/lang/NoSuchMethodError'{0x0000000711f54c28}: 'void java.lang.invoke.DirectMethodHandle$Holder.invokeStatic(java.lang.Object, java.lang.Object, java.lang.Object)'> (0x0000000711f54c28) 
thrown [s\open\src\hotspot\share\interpreter\linkResolver.cpp, line 759]
Event: 0.153 Thread 0x000001db34c81bf0 Exception <a 'java/lang/NoSuchMethodError'{0x0000000711fb0370}: 'int java.lang.invoke.DirectMethodHandle$Holder.invokeStatic(java.lang.Object, java.lang.Object, int)'> (0x0000000711fb0370) 
thrown [s\open\src\hotspot\share\interpreter\linkResolver.cpp, line 759]
Event: 0.194 Thread 0x000001db34c81bf0 Exception <a 'java/lang/NoSuchMethodError'{0x0000000711d24428}: 'java.lang.Object java.lang.invoke.DirectMethodHandle$Holder.invokeSpecialIFC(java.lang.Object, java.lang.Object, java.lang.Object, java.lang.Object)'> (0x0000000711d24428) 
thrown [s\open\src\hotspot\share\interpreter\linkResolver.cpp, line 759]
Event: 0.348 Thread 0x000001db34c81bf0 Exception <a 'java/lang/NoSuchMethodError'{0x00000007116b1da8}: 'java.lang.Object java.lang.invoke.DirectMethodHandle$Holder.invokeStaticInit(java.lang.Object)'> (0x00000007116b1da8) 
thrown [s\open\src\hotspot\share\interpreter\linkResolver.cpp, line 759]
Event: 0.353 Thread 0x000001db34c81bf0 Exception <a 'java/lang/NoSuchMethodError'{0x00000007116ce578}: 'void java.lang.invoke.DirectMethodHandle$Holder.invokeSpecial(java.lang.Object, java.lang.Object, java.lang.Object)'> (0x00000007116ce578) 
thrown [s\open\src\hotspot\share\interpreter\linkResolver.cpp, line 759]
Event: 0.380 Thread 0x000001db34c81bf0 Exception <a 'java/lang/NoSuchMethodError'{0x000000071142b568}: 'java.lang.Object java.lang.invoke.DirectMethodHandle$Holder.invokeInterface(java.lang.Object, java.lang.Object)'> (0x000000071142b568) 
thrown [s\open\src\hotspot\share\interpreter\linkResolver.cpp, line 759]
Event: 0.394 Thread 0x000001db34c81bf0 Exception <a 'java/lang/NoSuchMethodError'{0x00000007114d2200}: 'java.lang.Object java.lang.invoke.Invokers$Holder.invokeExact_MT(java.lang.Object, java.lang.Object, java.lang.Object, java.lang.Object, java.lang.Object, java.lang.Object)'> (0x00000007114d2200) 
thrown [s\open\src\hotspot\share\interpreter\linkResolver.cpp, line 759]
Event: 0.395 Thread 0x000001db34c81bf0 Exception <a 'java/lang/NoSuchMethodError'{0x00000007114e3680}: 'int java.lang.invoke.DirectMethodHandle$Holder.invokeSpecialIFC(java.lang.Object, java.lang.Object, java.lang.Object, java.lang.Object, java.lang.Object)'> (0x00000007114e3680) 
thrown [s\open\src\hotspot\share\interpreter\linkResolver.cpp, line 759]
Event: 0.435 Thread 0x000001db34c81bf0 Exception <a 'java/lang/NoSuchMethodError'{0x0000000711283308}: 'java.lang.Object java.lang.invoke.DirectMethodHandle$Holder.newInvokeSpecial(java.lang.Object, java.lang.Object, java.lang.Object, java.lang.Object, java.lang.Object)'> (0x0000000711283308) 
thrown [s\open\src\hotspot\share\interpreter\linkResolver.cpp, line 759]
Event: 0.463 Thread 0x000001db34c81bf0 Exception <a 'java/lang/NoSuchMethodError'{0x0000000711384500}: 'int java.lang.invoke.DirectMethodHandle$Holder.invokeStaticInit(java.lang.Object, java.lang.Object)'> (0x0000000711384500) 
thrown [s\open\src\hotspot\share\interpreter\linkResolver.cpp, line 759]
Event: 0.468 Thread 0x000001db34c81bf0 Exception <a 'java/lang/NoClassDefFoundError'{0x00000007113bc530}: javax/enterprise/inject/Typed> (0x00000007113bc530) 
thrown [s\open\src\hotspot\share\classfile\systemDictionary.cpp, line 245]
Event: 1.116 Thread 0x000001db34c81bf0 Exception <a 'java/lang/NoSuchMethodError'{0x00000007121d6158}: 'void java.lang.invoke.DirectMethodHandle$Holder.invokeStaticInit(java.lang.Object, java.lang.Object, java.lang.Object)'> (0x00000007121d6158) 
thrown [s\open\src\hotspot\share\interpreter\linkResolver.cpp, line 759]
Event: 1.122 Thread 0x000001db34c81bf0 Exception <a 'java/lang/ExceptionInInitializerError'{0x0000000711e018c8}> (0x0000000711e018c8) 
thrown [s\open\src\hotspot\share\oops\instanceKlass.cpp, line 1216]
Event: 1.153 Thread 0x000001db34c81bf0 Implicit null exception at 0x000001db4588e92f to 0x000001db4588ea94
Event: 1.156 Thread 0x000001db34c81bf0 Exception <a 'java/lang/NoSuchMethodError'{0x0000000711f0f628}: 'java.lang.Object java.lang.invoke.Invokers$Holder.invokeExact_MT(java.lang.Object, int, java.lang.Object)'> (0x0000000711f0f628) 
thrown [s\open\src\hotspot\share\interpreter\linkResolver.cpp, line 759]
Event: 1.168 Thread 0x000001db34c81bf0 Exception <a 'java/lang/NoSuchMethodError'{0x0000000711fa1e50}: 'void java.lang.invoke.DirectMethodHandle$Holder.invokeStatic(java.lang.Object, java.lang.Object)'> (0x0000000711fa1e50) 
thrown [s\open\src\hotspot\share\interpreter\linkResolver.cpp, line 759]
Event: 1.170 Thread 0x000001db34c81bf0 Exception <a 'java/lang/NoSuchMethodError'{0x0000000711fb1ae0}: 'int java.lang.invoke.DirectMethodHandle$Holder.invokeSpecial(java.lang.Object, java.lang.Object, java.lang.Object, java.lang.Object)'> (0x0000000711fb1ae0) 
thrown [s\open\src\hotspot\share\interpreter\linkResolver.cpp, line 759]

VM Operations (20 events):
Event: 0.208 Executing VM operation: HandshakeAllThreads
Event: 0.208 Executing VM operation: HandshakeAllThreads done
Event: 0.516 Executing VM operation: G1CollectForAllocation
Event: 0.519 Executing VM operation: G1CollectForAllocation done
Event: 0.847 Executing VM operation: HandshakeAllThreads
Event: 0.847 Executing VM operation: HandshakeAllThreads done
Event: 0.892 Executing VM operation: HandshakeAllThreads
Event: 0.892 Executing VM operation: HandshakeAllThreads done
Event: 0.971 Executing VM operation: ICBufferFull
Event: 0.971 Executing VM operation: ICBufferFull done
Event: 1.011 Executing VM operation: G1CollectForAllocation
Event: 1.016 Executing VM operation: G1CollectForAllocation done
Event: 1.125 Executing VM operation: HandshakeAllThreads
Event: 1.125 Executing VM operation: HandshakeAllThreads done
Event: 1.193 Executing VM operation: HandshakeAllThreads
Event: 1.193 Executing VM operation: HandshakeAllThreads done
Event: 1.194 Executing VM operation: HandshakeAllThreads
Event: 1.194 Executing VM operation: HandshakeAllThreads done
Event: 1.257 Executing VM operation: HandshakeAllThreads
Event: 1.257 Executing VM operation: HandshakeAllThreads done

Events (20 events):
Event: 1.024 loading class java/io/UncheckedIOException
Event: 1.024 loading class java/io/UncheckedIOException done
Event: 1.038 loading class java/util/concurrent/atomic/AtomicBoolean
Event: 1.038 loading class java/util/concurrent/atomic/AtomicBoolean done
Event: 1.045 loading class java/nio/channels/OverlappingFileLockException
Event: 1.045 loading class java/nio/channels/OverlappingFileLockException done
Event: 1.045 loading class java/nio/channels/FileLock
Event: 1.045 loading class java/nio/channels/FileLock done
Event: 1.073 loading class java/nio/file/AccessDeniedException
Event: 1.073 loading class java/nio/file/FileSystemException
Event: 1.073 loading class java/nio/file/FileSystemException done
Event: 1.073 loading class java/nio/file/AccessDeniedException done
Event: 1.118 loading class java/lang/ExceptionInInitializerError
Event: 1.118 loading class java/lang/ExceptionInInitializerError done
Event: 1.123 loading class jdk/internal/vm/annotation/ForceInline
Event: 1.123 loading class jdk/internal/vm/annotation/ForceInline done
Event: 1.257 loading class sun/reflect/generics/scope/MethodScope
Event: 1.257 loading class sun/reflect/generics/scope/MethodScope done
Event: 1.257 loading class sun/reflect/generics/repository/MethodRepository
Event: 1.257 loading class sun/reflect/generics/repository/MethodRepository done


Dynamic libraries:
0x00007ff6e5990000 - 0x00007ff6e59a0000 	C:\Program Files\Java\jdk-17\bin\java.exe
0x00007ffbf4630000 - 0x00007ffbf4828000 	C:\Windows\SYSTEM32\ntdll.dll
0x00007ffbf41a0000 - 0x00007ffbf425d000 	C:\Windows\System32\KERNEL32.DLL
0x00007ffbf20f0000 - 0x00007ffbf23e6000 	C:\Windows\System32\KERNELBASE.dll
0x00007ffbf1fc0000 - 0x00007ffbf20c0000 	C:\Windows\System32\ucrtbase.dll
0x00007ffbef060000 - 0x00007ffbef079000 	C:\Program Files\Java\jdk-17\bin\jli.dll
0x00007ffbdd8f0000 - 0x00007ffbdd90b000 	C:\Program Files\Java\jdk-17\bin\VCRUNTIME140.dll
0x00007ffbf4280000 - 0x00007ffbf432f000 	C:\Windows\System32\ADVAPI32.dll
0x00007ffbf2c10000 - 0x00007ffbf2cae000 	C:\Windows\System32\msvcrt.dll
0x00007ffbf4550000 - 0x00007ffbf45ec000 	C:\Windows\System32\sechost.dll
0x00007ffbf4420000 - 0x00007ffbf4546000 	C:\Windows\System32\RPCRT4.dll
0x00007ffbf3fa0000 - 0x00007ffbf413e000 	C:\Windows\System32\USER32.dll
0x00007ffbd92e0000 - 0x00007ffbd957a000 	C:\Windows\WinSxS\amd64_microsoft.windows.common-controls_6595b64144ccf1df_6.0.19041.3636_none_60b6a03d71f818d5\COMCTL32.dll
0x00007ffbf1d60000 - 0x00007ffbf1d82000 	C:\Windows\System32\win32u.dll
0x00007ffbf43f0000 - 0x00007ffbf441c000 	C:\Windows\System32\GDI32.dll
0x00007ffbf1ea0000 - 0x00007ffbf1fba000 	C:\Windows\System32\gdi32full.dll
0x00007ffbeae60000 - 0x00007ffbeae6a000 	C:\Windows\SYSTEM32\VERSION.dll
0x00007ffbf1e00000 - 0x00007ffbf1e9d000 	C:\Windows\System32\msvcp_win.dll
0x00007ffbf2e60000 - 0x00007ffbf2e90000 	C:\Windows\System32\IMM32.DLL
0x00007ffbef0d0000 - 0x00007ffbef0dc000 	C:\Program Files\Java\jdk-17\bin\vcruntime140_1.dll
0x00007ffbc0890000 - 0x00007ffbc091e000 	C:\Program Files\Java\jdk-17\bin\msvcp140.dll
0x00007ffba7990000 - 0x00007ffba8571000 	C:\Program Files\Java\jdk-17\bin\server\jvm.dll
0x00007ffbf2e90000 - 0x00007ffbf2e98000 	C:\Windows\System32\PSAPI.DLL
0x00007ffbd6480000 - 0x00007ffbd6489000 	C:\Windows\SYSTEM32\WSOCK32.dll
0x00007ffbdbcc0000 - 0x00007ffbdbce7000 	C:\Windows\SYSTEM32\WINMM.dll
0x00007ffbf3ea0000 - 0x00007ffbf3f0b000 	C:\Windows\System32\WS2_32.dll
0x00007ffbf0560000 - 0x00007ffbf0572000 	C:\Windows\SYSTEM32\kernel.appcore.dll
0x00007ffbef090000 - 0x00007ffbef09a000 	C:\Program Files\Java\jdk-17\bin\jimage.dll
0x00007ffbef960000 - 0x00007ffbefb44000 	C:\Windows\SYSTEM32\DBGHELP.DLL
0x00007ffbc96b0000 - 0x00007ffbc96e4000 	C:\Windows\SYSTEM32\dbgcore.DLL
0x00007ffbf24a0000 - 0x00007ffbf2522000 	C:\Windows\System32\bcryptPrimitives.dll
0x00007ffbdc170000 - 0x00007ffbdc195000 	C:\Program Files\Java\jdk-17\bin\java.dll
0x00007ffbaff40000 - 0x00007ffbb0017000 	C:\Program Files\Java\jdk-17\bin\jsvml.dll
0x00007ffbf2ea0000 - 0x00007ffbf35e4000 	C:\Windows\System32\SHELL32.dll
0x00007ffbefdb0000 - 0x00007ffbf054b000 	C:\Windows\SYSTEM32\windows.storage.dll
0x00007ffbf35f0000 - 0x00007ffbf3944000 	C:\Windows\System32\combase.dll
0x00007ffbf1750000 - 0x00007ffbf177d000 	C:\Windows\SYSTEM32\Wldp.dll
0x00007ffbf2b60000 - 0x00007ffbf2c0d000 	C:\Windows\System32\SHCORE.dll
0x00007ffbf4390000 - 0x00007ffbf43e5000 	C:\Windows\System32\shlwapi.dll
0x00007ffbf1c40000 - 0x00007ffbf1c65000 	C:\Windows\SYSTEM32\profapi.dll
0x00007ffbdd450000 - 0x00007ffbdd469000 	C:\Program Files\Java\jdk-17\bin\net.dll
0x00007ffbe87f0000 - 0x00007ffbe88fa000 	C:\Windows\SYSTEM32\WINHTTP.dll
0x00007ffbf14b0000 - 0x00007ffbf151a000 	C:\Windows\system32\mswsock.dll
0x00007ffbdc320000 - 0x00007ffbdc336000 	C:\Program Files\Java\jdk-17\bin\nio.dll
0x00007ffbcf220000 - 0x00007ffbcf238000 	C:\Program Files\Java\jdk-17\bin\zip.dll
0x0000000069ac0000 - 0x0000000069ae4000 	D:\Tools\apache-maven-3.9.6-bin\apache-maven-3.9.6\lib\jansi-native\Windows\x86_64\jansi.dll
0x00007ffbed760000 - 0x00007ffbed770000 	C:\Program Files\Java\jdk-17\bin\verify.dll

dbghelp: loaded successfully - version: 4.0.5 - missing functions: none
symbol engine: initialized successfully - sym options: 0x614 - pdb path: .;C:\Program Files\Java\jdk-17\bin;C:\Windows\SYSTEM32;C:\Windows\WinSxS\amd64_microsoft.windows.common-controls_6595b64144ccf1df_6.0.19041.3636_none_60b6a03d71f818d5;C:\Program Files\Java\jdk-17\bin\server;D:\Tools\apache-maven-3.9.6-bin\apache-maven-3.9.6\lib\jansi-native\Windows\x86_64

VM Arguments:
jvm_args: -Dclassworlds.conf=D:\Tools\apache-maven-3.9.6-bin\apache-maven-3.9.6\bin\m2.conf -Dmaven.home=D:\Tools\apache-maven-3.9.6-bin\apache-maven-3.9.6 -Dlibrary.jansi.path=D:\Tools\apache-maven-3.9.6-bin\apache-maven-3.9.6\lib\jansi-native -Dmaven.multiModuleProjectDirectory=d:\WORK\Spring\demo 
java_command: org.codehaus.plexus.classworlds.launcher.Launcher -q help:effective-pom -Doutput=C:\Users\111\AppData\Local\Temp\exhort_bEHIFO\effective-pom.xml -f C:\Users\111\AppData\Local\Temp\exhort_bEHIFO\target-pom.xml
java_class_path (initial): D:\Tools\apache-maven-3.9.6-bin\apache-maven-3.9.6\boot\plexus-classworlds-2.7.0.jar
Launcher Type: SUN_STANDARD

[Global flags]
     intx CICompilerCount                          = 4                                         {product} {ergonomic}
     uint ConcGCThreads                            = 3                                         {product} {ergonomic}
     uint G1ConcRefinementThreads                  = 10                                        {product} {ergonomic}
   size_t G1HeapRegionSize                         = 2097152                                   {product} {ergonomic}
    uintx GCDrainStackTargetSize                   = 64                                        {product} {ergonomic}
   size_t InitialHeapSize                          = 266338304                                 {product} {ergonomic}
   size_t MarkStackSize                            = 4194304                                   {product} {ergonomic}
   size_t MaxHeapSize                              = 4255121408                                {product} {ergonomic}
   size_t MaxNewSize                               = 2552233984                                {product} {ergonomic}
   size_t MinHeapDeltaBytes                        = 2097152                                   {product} {ergonomic}
   size_t MinHeapSize                              = 8388608                                   {product} {ergonomic}
    uintx NonNMethodCodeHeapSize                   = 5839372                                {pd product} {ergonomic}
    uintx NonProfiledCodeHeapSize                  = 122909434                              {pd product} {ergonomic}
    uintx ProfiledCodeHeapSize                     = 122909434                              {pd product} {ergonomic}
    uintx ReservedCodeCacheSize                    = 251658240                              {pd product} {ergonomic}
     bool SegmentedCodeCache                       = true                                      {product} {ergonomic}
   size_t SoftMaxHeapSize                          = 4255121408                             {manageable} {ergonomic}
     bool UseCompressedClassPointers               = true                           {product lp64_product} {ergonomic}
     bool UseCompressedOops                        = true                           {product lp64_product} {ergonomic}
     bool UseG1GC                                  = true                                      {product} {ergonomic}
     bool UseLargePagesIndividualAllocation        = false                                  {pd product} {ergonomic}

Logging:
Log output configuration:
 #0: stdout all=warning uptime,level,tags
 #1: stderr all=off uptime,level,tags

Environment Variables:
JAVA_HOME=C:\Program Files\Java\jdk-17
PATH=C:\Program Files\Common Files\Oracle\Java\javapath;C:\Program Files (x86)\Common Files\Oracle\Java\javapath;C:\Program Files\NVIDIA GPU Computing Toolkit\CUDA\v12.2\bin;C:\Program Files\NVIDIA GPU Computing Toolkit\CUDA\v12.2\libnvvp;C:\Windows\system32;C:\Windows;C:\Windows\System32\Wbem;C:\Windows\System32\WindowsPowerShell\v1.0\;C:\Windows\System32\OpenSSH\;C:\Program Files\TortoiseGit\bin;C:\xampp\php;C:\Program Files\nodejs\;C:\Program Files\Git\cmd;C:\Program Files\Microsoft SQL Server\130\Tools\Binn\;C:\Program Files\Microsoft SQL Server\150\Tools\Binn\;C:\Program Files\Microsoft SQL Server\Client SDK\ODBC\170\Tools\Binn\;C:\Program Files\dotnet\;C:\Program Files (x86)\Windows Kits\10\Windows Performance Toolkit\;C:\Users\111\AppData\Local\Packages\PythonSoftwareFoundation.Python.3.11_qbz5n2kfra8p0\LocalCache\local-packages\Python311\Scripts;C:\Program Files\NVIDIA Corporation\Nsight Compute 2023.2.2\;C:\Program Files (x86)\NVIDIA Corporation\PhysX\Common;C:\Program Files\NVIDIA Corporation\NVIDIA NvDLISR;C:\Program Files\Elixir\bin;C:\Program Files\Erlang OTP\bin;C:\Users\111\AppData\Local\Microsoft\WindowsApps;C:\Users\111\AppData\Local\Programs\Microsoft VS Code\bin;C:\Users\111\AppData\Roaming\npm;C:\Users\111\AppData\Local\Android\Sdk\platform-tools;C:\Program Files\CodeBlocks\MinGW\bin;C:\Users\111\AppData\Local\Programs\Python\Python311;C:\Users\111\AppData\Local\Programs\Python\Python311\Scripts;C:\Users\111\composer;C:\Users\111\AppData\Roaming\Composer\vendor\bin;C:\OSGeo4W;C:\Users\111\.dotnet\tools;D:\WORK\flutter\bin;D:\Tools\apache-maven-3.9.6-bin\apache-maven-3.9.6\bin;C:\Program Files\Java\jdk-17\bin;
USERNAME=111
OS=Windows_NT
PROCESSOR_IDENTIFIER=Intel64 Family 6 Model 158 Stepping 13, GenuineIntel



---------------  S Y S T E M  ---------------

OS:
 Windows 10 , 64 bit Build 19041 (10.0.19041.3636)
OS uptime: 0 days 5:21 hours

CPU: total 12 (initial active 12) (6 cores per cpu, 2 threads per core) family 6 model 158 stepping 13 microcode 0xca, cx8, cmov, fxsr, ht, mmx, 3dnowpref, sse, sse2, sse3, ssse3, sse4.1, sse4.2, popcnt, lzcnt, tsc, tscinvbit, avx, avx2, aes, erms, clmul, bmi1, bmi2, adx, fma, vzeroupper, clflush, clflushopt

Memory: 4k page, system-wide physical 16225M (739M free)
TotalPageFile size 21345M (AvailPageFile size 12M)
current process WorkingSet (physical memory assigned to process): 114M, peak: 114M
current process commit charge ("private bytes"): 383M, peak: 384M

vm_info: Java HotSpot(TM) 64-Bit Server VM (17.0.9+11-LTS-201) for windows-amd64 JRE (17.0.9+11-LTS-201), built on Oct 10 2023 23:16:06 by "mach5one" with MS VC++ 17.1 (VS2022)

END.
